<?xml version="1.0" encoding="UTF-8"?>
<!-- Generated by org.testng.reporters.JUnitReportReporter -->
<testsuite hostname="cog-sys-065" failures="0" tests="1" name="testcases.PasswordPolicy" time="87.256" errors="0" timestamp="28 Dec 2021 11:00:48 GMT">
  <testcase classname="testcases.PasswordPolicy" name="blackklist" time="87.256"/>
</testsuite> <!-- testcases.PasswordPolicy -->
