<?xml version="1.0" encoding="UTF-8"?>
<!-- Generated by org.testng.reporters.JUnitReportReporter -->
<testsuite hostname="cog-sys-065" failures="0" tests="1" name="testcases.Category" time="25.295" errors="0" timestamp="24 May 2021 14:09:03 GMT">
  <testcase classname="testcases.Category" name="AddCategoryValidationCheck" time="25.295"/>
</testsuite> <!-- testcases.Category -->
