<?xml version="1.0" encoding="UTF-8"?>
<!-- Generated by org.testng.reporters.JUnitReportReporter -->
<testsuite hostname="cog-sys-065" failures="0" tests="3" name="testcases.Break" time="123.723" errors="0" timestamp="22 Jan 2021 10:03:04 GMT">
  <testcase classname="testcases.Break" name="AddBreak" time="36.682"/>
  <testcase classname="testcases.Break" name="AddBreakValidationCheck" time="40.277"/>
  <testcase classname="testcases.Break" name="EditBreak" time="46.764"/>
</testsuite> <!-- testcases.Break -->
